<?xml version="1.0" encoding="UTF-8"?>
<!-- Generated by org.testng.reporters.JUnitReportReporter -->
<testsuite hostname="DESKTOP-QRB56CU" name="tests.LoginPageTest" tests="3" failures="0" timestamp="25 Sep 2024 23:43:20 GMT" time="20.303" errors="0">
  <testcase name="loginInEdgeFoxBrowser" time="5.715" classname="tests.LoginPageTest"/>
  <testcase name="loginInChromeBrowser" time="6.778" classname="tests.LoginPageTest"/>
  <testcase name="loginInFireFoxBrowser" time="7.810" classname="tests.LoginPageTest"/>
</testsuite> <!-- tests.LoginPageTest -->
