<?xml version="1.0" encoding="UTF-8"?>
<!-- Generated by org.testng.reporters.JUnitReportReporter -->
<testsuite hostname="DESKTOP-QRB56CU" name="tests.LoginPageTest" tests="3" failures="0" timestamp="30 Sep 2024 04:36:18 GMT" time="17.909" errors="0">
  <testcase name="login_In_FireFox_Browser" time="6.144" classname="tests.LoginPageTest"/>
  <testcase name="login_In_Chrome_Browser" time="6.609" classname="tests.LoginPageTest"/>
  <testcase name="login_In_Edge_FoxBrowser" time="5.156" classname="tests.LoginPageTest"/>
</testsuite> <!-- tests.LoginPageTest -->
