<?xml version="1.0" encoding="UTF-8"?>
<!-- Generated by org.testng.reporters.JUnitReportReporter -->
<testsuite hostname="DESKTOP-QRB56CU" failures="0" tests="3" name="tests.LoginPageTest" time="20.268" errors="0" timestamp="2024-09-25T20:20:49 EDT" skipped="0">
  <testcase classname="tests.LoginPageTest" name="loginInChromeBrowser" time="5.757"/>
  <system-out/>
  <testcase classname="tests.LoginPageTest" name="loginInEdgeFoxBrowser" time="5.607"/>
  <system-out/>
  <testcase classname="tests.LoginPageTest" name="loginInFireFoxBrowser" time="8.904"/>
  <system-out/>
</testsuite> <!-- tests.LoginPageTest -->
