<?xml version="1.0" encoding="UTF-8"?>
<!-- Generated by org.testng.reporters.JUnitReportReporter -->
<testsuite hostname="DESKTOP-QRB56CU" failures="0" tests="3" name="tests.LoginPageTest" time="16.582" errors="0" timestamp="2024-09-30T17:28:14 EDT" skipped="0">
  <testcase classname="tests.LoginPageTest" name="login_In_Edge_FoxBrowser" time="4.165"/>
  <system-out/>
  <testcase classname="tests.LoginPageTest" name="login_In_FireFox_Browser" time="5.985"/>
  <system-out/>
  <testcase classname="tests.LoginPageTest" name="login_In_Chrome_Browser" time="6.432"/>
  <system-out/>
</testsuite> <!-- tests.LoginPageTest -->
